[dotenv@17.3.1] injecting env (12) from .env -- tip: 🤖 agentic secret storage: https://dotenvx.com/as2
Server running at http://127.0.0.1:8002
[21:58:34.878] [32mINFO[39m (14648): [36mServer listening at http://127.0.0.1:8002[39m
[21:58:34.879] [32mINFO[39m (14648): [36mCORS origins configured[39m
    [35morigins[39m: [
      "http://127.0.0.1:4174",
      "http://localhost:4174",
      "http://127.0.0.1:3000",
      "http://localhost:3000",
      "http://localhost:5173",
      "http://127.0.0.1:5173",
      "http://localhost:4173",
      "http://127.0.0.1:4173"
    ]
[21:58:34.881] [32mINFO[39m (14648): [36mWarehouse outbox worker started[39m
[21:58:34.993] [32mINFO[39m (14648): [36mincoming request[39m
    [35mreqId[39m: "req-1"
    [35mreq[39m: {
      "method": "GET",
      "url": "/api/v1/health",
      "host": "127.0.0.1:8002",
      "remoteAddress": "127.0.0.1",
      "remotePort": 55957
    }
[21:58:35.008] [32mINFO[39m (14648): [36mrequest completed[39m
    [35mreqId[39m: "req-1"
    [35mres[39m: {
      "statusCode": 200
    }
    [35mresponseTime[39m: 12.407999999821186
[21:59:35.711] [32mINFO[39m (14648): [36mincoming request[39m
    [35mreqId[39m: "req-2"
    [35mreq[39m: {
      "method": "POST",
      "url": "/api/v1/auth/login/",
      "host": "127.0.0.1:8002",
      "remoteAddress": "127.0.0.1",
      "remotePort": 57113
    }
[21:59:36.336] [32mINFO[39m (14648): [36mrequest completed[39m
    [35mreqId[39m: "req-2"
    [35mres[39m: {
      "statusCode": 200
    }
    [35mresponseTime[39m: 624.2388000003994
[21:59:36.447] [32mINFO[39m (14648): [36mincoming request[39m
    [35mreqId[39m: "req-3"
    [35mreq[39m: {
      "method": "GET",
      "url": "/api/v1/auth/bootstrap/",
      "host": "127.0.0.1:8002",
      "remoteAddress": "127.0.0.1",
      "remotePort": 57113
    }
[21:59:36.512] [32mINFO[39m (14648): [36mrequest completed[39m
    [35mreqId[39m: "req-3"
    [35mres[39m: {
      "statusCode": 200
    }
    [35mresponseTime[39m: 64.68889999762177
[21:59:41.502] [32mINFO[39m (14648): [36mincoming request[39m
    [35mreqId[39m: "req-4"
    [35mreq[39m: {
      "method": "GET",
      "url": "/api/v1/auth/bootstrap/",
      "host": "127.0.0.1:8002",
      "remoteAddress": "127.0.0.1",
      "remotePort": 57113
    }
[21:59:41.523] [32mINFO[39m (14648): [36mrequest completed[39m
    [35mreqId[39m: "req-4"
    [35mres[39m: {
      "statusCode": 200
    }
    [35mresponseTime[39m: 21.317999999970198
[21:59:41.653] [32mINFO[39m (14648): [36mincoming request[39m
    [35mreqId[39m: "req-5"
    [35mreq[39m: {
      "method": "GET",
      "url": "/api/v1/chapan/production/workshop",
      "host": "127.0.0.1:8002",
      "remoteAddress": "127.0.0.1",
      "remotePort": 57113
    }
[21:59:41.659] [32mINFO[39m (14648): [36mincoming request[39m
    [35mreqId[39m: "req-6"
    [35mreq[39m: {
      "method": "GET",
      "url": "/api/v1/chapan/settings/catalogs",
      "host": "127.0.0.1:8002",
      "remoteAddress": "127.0.0.1",
      "remotePort": 64924
    }
[21:59:41.664] [32mINFO[39m (14648): [36mincoming request[39m
    [35mreqId[39m: "req-7"
    [35mreq[39m: {
      "method": "GET",
      "url": "/api/v1/chapan/orders/change-requests",
      "host": "127.0.0.1:8002",
      "remoteAddress": "127.0.0.1",
      "remotePort": 64925
    }
[21:59:41.669] [32mINFO[39m (14648): [36mincoming request[39m
    [35mreqId[39m: "req-8"
    [35mreq[39m: {
      "method": "GET",
      "url": "/api/v1/chapan/invoices?limit=100",
      "host": "127.0.0.1:8002",
      "remoteAddress": "127.0.0.1",
      "remotePort": 65129
    }
[21:59:41.772] [32mINFO[39m (14648): [36mrequest completed[39m
    [35mreqId[39m: "req-8"
    [35mres[39m: {
      "statusCode": 200
    }
    [35mresponseTime[39m: 101.49679999798536
[21:59:41.803] [32mINFO[39m (14648): [36mrequest completed[39m
    [35mreqId[39m: "req-7"
    [35mres[39m: {
      "statusCode": 200
    }
    [35mresponseTime[39m: 138.6359000019729
[21:59:41.805] [32mINFO[39m (14648): [36mrequest completed[39m
    [35mreqId[39m: "req-5"
    [35mres[39m: {
      "statusCode": 200
    }
    [35mresponseTime[39m: 151.125
[21:59:41.845] [32mINFO[39m (14648): [36mrequest completed[39m
    [35mreqId[39m: "req-6"
    [35mres[39m: {
      "statusCode": 200
    }
    [35mresponseTime[39m: 186.0245000012219
[21:59:43.731] [32mINFO[39m (14648): [36mincoming request[39m
    [35mreqId[39m: "req-9"
    [35mreq[39m: {
      "method": "GET",
      "url": "/api/v1/auth/bootstrap/",
      "host": "127.0.0.1:8002",
      "remoteAddress": "127.0.0.1",
      "remotePort": 64924
    }
[21:59:43.796] [32mINFO[39m (14648): [36mrequest completed[39m
    [35mreqId[39m: "req-9"
    [35mres[39m: {
      "statusCode": 200
    }
    [35mresponseTime[39m: 65.06159999966621
[21:59:43.932] [32mINFO[39m (14648): [36mincoming request[39m
    [35mreqId[39m: "req-a"
    [35mreq[39m: {
      "method": "GET",
      "url": "/api/v1/chapan/production/workshop",
      "host": "127.0.0.1:8002",
      "remoteAddress": "127.0.0.1",
      "remotePort": 64924
    }
[21:59:43.938] [32mINFO[39m (14648): [36mincoming request[39m
    [35mreqId[39m: "req-b"
    [35mreq[39m: {
      "method": "GET",
      "url": "/api/v1/chapan/settings/catalogs",
      "host": "127.0.0.1:8002",
      "remoteAddress": "127.0.0.1",
      "remotePort": 57113
    }
[21:59:43.945] [32mINFO[39m (14648): [36mincoming request[39m
    [35mreqId[39m: "req-c"
    [35mreq[39m: {
      "method": "GET",
      "url": "/api/v1/chapan/orders/change-requests",
      "host": "127.0.0.1:8002",
      "remoteAddress": "127.0.0.1",
      "remotePort": 64925
    }
[21:59:43.949] [32mINFO[39m (14648): [36mincoming request[39m
    [35mreqId[39m: "req-d"
    [35mreq[39m: {
      "method": "GET",
      "url": "/api/v1/chapan/invoices?limit=100",
      "host": "127.0.0.1:8002",
      "remoteAddress": "127.0.0.1",
      "remotePort": 65129
    }
[21:59:43.978] [32mINFO[39m (14648): [36mrequest completed[39m
    [35mreqId[39m: "req-c"
    [35mres[39m: {
      "statusCode": 200
    }
    [35mresponseTime[39m: 32.06349999830127
[21:59:43.980] [32mINFO[39m (14648): [36mrequest completed[39m
    [35mreqId[39m: "req-b"
    [35mres[39m: {
      "statusCode": 200
    }
    [35mresponseTime[39m: 40.79749999940395
[21:59:43.989] [32mINFO[39m (14648): [36mrequest completed[39m
    [35mreqId[39m: "req-a"
    [35mres[39m: {
      "statusCode": 200
    }
    [35mresponseTime[39m: 54.80020000040531
[21:59:44.031] [32mINFO[39m (14648): [36mrequest completed[39m
    [35mreqId[39m: "req-d"
    [35mres[39m: {
      "statusCode": 200
    }
    [35mresponseTime[39m: 81.56430000066757
[21:59:47.471] [32mINFO[39m (14648): [36mincoming request[39m
    [35mreqId[39m: "req-e"
    [35mreq[39m: {
      "method": "GET",
      "url": "/api/v1/auth/bootstrap/",
      "host": "127.0.0.1:8002",
      "remoteAddress": "127.0.0.1",
      "remotePort": 65129
    }
[21:59:47.498] [32mINFO[39m (14648): [36mrequest completed[39m
    [35mreqId[39m: "req-e"
    [35mres[39m: {
      "statusCode": 200
    }
    [35mresponseTime[39m: 25.965400002896786
[21:59:47.617] [32mINFO[39m (14648): [36mincoming request[39m
    [35mreqId[39m: "req-f"
    [35mreq[39m: {
      "method": "GET",
      "url": "/api/v1/chapan/production/workshop",
      "host": "127.0.0.1:8002",
      "remoteAddress": "127.0.0.1",
      "remotePort": 65129
    }
[21:59:47.620] [32mINFO[39m (14648): [36mincoming request[39m
    [35mreqId[39m: "req-g"
    [35mreq[39m: {
      "method": "GET",
      "url": "/api/v1/chapan/settings/catalogs",
      "host": "127.0.0.1:8002",
      "remoteAddress": "127.0.0.1",
      "remotePort": 64924
    }
[21:59:47.624] [32mINFO[39m (14648): [36mincoming request[39m
    [35mreqId[39m: "req-h"
    [35mreq[39m: {
      "method": "GET",
      "url": "/api/v1/chapan/orders/change-requests",
      "host": "127.0.0.1:8002",
      "remoteAddress": "127.0.0.1",
      "remotePort": 57113
    }
[21:59:47.631] [32mINFO[39m (14648): [36mincoming request[39m
    [35mreqId[39m: "req-i"
    [35mreq[39m: {
      "method": "GET",
      "url": "/api/v1/chapan/invoices?limit=100",
      "host": "127.0.0.1:8002",
      "remoteAddress": "127.0.0.1",
      "remotePort": 64925
    }
[21:59:47.650] [32mINFO[39m (14648): [36mrequest completed[39m
    [35mreqId[39m: "req-g"
    [35mres[39m: {
      "statusCode": 200
    }
    [35mresponseTime[39m: 29.53940000012517
[21:59:47.664] [32mINFO[39m (14648): [36mrequest completed[39m
    [35mreqId[39m: "req-h"
    [35mres[39m: {
      "statusCode": 200
    }
    [35mresponseTime[39m: 39.781300000846386
[21:59:47.666] [32mINFO[39m (14648): [36mrequest completed[39m
    [35mreqId[39m: "req-f"
    [35mres[39m: {
      "statusCode": 200
    }
    [35mresponseTime[39m: 49.086399998515844
[21:59:47.669] [32mINFO[39m (14648): [36mrequest completed[39m
    [35mreqId[39m: "req-i"
    [35mres[39m: {
      "statusCode": 200
    }
    [35mresponseTime[39m: 37.51199999824166
[21:59:49.676] [32mINFO[39m (14648): [36mincoming request[39m
    [35mreqId[39m: "req-j"
    [35mreq[39m: {
      "method": "GET",
      "url": "/api/v1/auth/bootstrap/",
      "host": "127.0.0.1:8002",
      "remoteAddress": "127.0.0.1",
      "remotePort": 64925
    }
[21:59:49.700] [32mINFO[39m (14648): [36mrequest completed[39m
    [35mreqId[39m: "req-j"
    [35mres[39m: {
      "statusCode": 200
    }
    [35mresponseTime[39m: 23.866299998015165
[21:59:49.814] [32mINFO[39m (14648): [36mincoming request[39m
    [35mreqId[39m: "req-k"
    [35mreq[39m: {
      "method": "GET",
      "url": "/api/v1/chapan/production/workshop",
      "host": "127.0.0.1:8002",
      "remoteAddress": "127.0.0.1",
      "remotePort": 64925
    }
[21:59:49.818] [32mINFO[39m (14648): [36mincoming request[39m
    [35mreqId[39m: "req-l"
    [35mreq[39m: {
      "method": "GET",
      "url": "/api/v1/chapan/settings/catalogs",
      "host": "127.0.0.1:8002",
      "remoteAddress": "127.0.0.1",
      "remotePort": 65129
    }
[21:59:49.822] [32mINFO[39m (14648): [36mincoming request[39m
    [35mreqId[39m: "req-m"
    [35mreq[39m: {
      "method": "GET",
      "url": "/api/v1/chapan/orders/change-requests",
      "host": "127.0.0.1:8002",
      "remoteAddress": "127.0.0.1",
      "remotePort": 57113
    }
[21:59:49.827] [32mINFO[39m (14648): [36mincoming request[39m
    [35mreqId[39m: "req-n"
    [35mreq[39m: {
      "method": "GET",
      "url": "/api/v1/chapan/invoices?limit=100",
      "host": "127.0.0.1:8002",
      "remoteAddress": "127.0.0.1",
      "remotePort": 64924
    }
[21:59:49.838] [32mINFO[39m (14648): [36mrequest completed[39m
    [35mreqId[39m: "req-m"
    [35mres[39m: {
      "statusCode": 200
    }
    [35mresponseTime[39m: 15.333099998533726
[21:59:49.841] [32mINFO[39m (14648): [36mrequest completed[39m
    [35mreqId[39m: "req-k"
    [35mres[39m: {
      "statusCode": 200
    }
    [35mresponseTime[39m: 26.84740000218153
[21:59:49.847] [32mINFO[39m (14648): [36mrequest completed[39m
    [35mreqId[39m: "req-n"
    [35mres[39m: {
      "statusCode": 200
    }
    [35mresponseTime[39m: 20.230599999427795
[21:59:49.848] [32mINFO[39m (14648): [36mrequest completed[39m
    [35mreqId[39m: "req-l"
    [35mres[39m: {
      "statusCode": 200
    }
    [35mresponseTime[39m: 29.806500002741814
[21:59:52.647] [32mINFO[39m (14648): [36mincoming request[39m
    [35mreqId[39m: "req-o"
    [35mreq[39m: {
      "method": "GET",
      "url": "/api/v1/auth/bootstrap/",
      "host": "127.0.0.1:8002",
      "remoteAddress": "127.0.0.1",
      "remotePort": 65129
    }
[21:59:52.670] [32mINFO[39m (14648): [36mrequest completed[39m
    [35mreqId[39m: "req-o"
    [35mres[39m: {
      "statusCode": 200
    }
    [35mresponseTime[39m: 22.47130000218749
[21:59:52.793] [32mINFO[39m (14648): [36mincoming request[39m
    [35mreqId[39m: "req-p"
    [35mreq[39m: {
      "method": "GET",
      "url": "/api/v1/chapan/production/workshop",
      "host": "127.0.0.1:8002",
      "remoteAddress": "127.0.0.1",
      "remotePort": 65129
    }
[21:59:52.796] [32mINFO[39m (14648): [36mincoming request[39m
    [35mreqId[39m: "req-q"
    [35mreq[39m: {
      "method": "GET",
      "url": "/api/v1/chapan/settings/catalogs",
      "host": "127.0.0.1:8002",
      "remoteAddress": "127.0.0.1",
      "remotePort": 64924
    }
[21:59:52.800] [32mINFO[39m (14648): [36mincoming request[39m
    [35mreqId[39m: "req-r"
    [35mreq[39m: {
      "method": "GET",
      "url": "/api/v1/chapan/orders/change-requests",
      "host": "127.0.0.1:8002",
      "remoteAddress": "127.0.0.1",
      "remotePort": 64925
    }
[21:59:52.804] [32mINFO[39m (14648): [36mincoming request[39m
    [35mreqId[39m: "req-s"
    [35mreq[39m: {
      "method": "GET",
      "url": "/api/v1/chapan/invoices?limit=100",
      "host": "127.0.0.1:8002",
      "remoteAddress": "127.0.0.1",
      "remotePort": 57113
    }
[21:59:52.815] [32mINFO[39m (14648): [36mrequest completed[39m
    [35mreqId[39m: "req-p"
    [35mres[39m: {
      "statusCode": 200
    }
    [35mresponseTime[39m: 21.015000000596046
[21:59:52.818] [32mINFO[39m (14648): [36mrequest completed[39m
    [35mreqId[39m: "req-q"
    [35mres[39m: {
      "statusCode": 200
    }
    [35mresponseTime[39m: 21.880299996584654
[21:59:52.821] [32mINFO[39m (14648): [36mrequest completed[39m
    [35mreqId[39m: "req-r"
    [35mres[39m: {
      "statusCode": 200
    }
    [35mresponseTime[39m: 19.779699999839067
[21:59:52.825] [32mINFO[39m (14648): [36mrequest completed[39m
    [35mreqId[39m: "req-s"
    [35mres[39m: {
      "statusCode": 200
    }
    [35mresponseTime[39m: 21.13340000063181
[22:00:14.948] [32mINFO[39m (14648): [36mincoming request[39m
    [35mreqId[39m: "req-t"
    [35mreq[39m: {
      "method": "GET",
      "url": "/api/v1/auth/bootstrap/",
      "host": "127.0.0.1:8002",
      "remoteAddress": "127.0.0.1",
      "remotePort": 53999
    }
[22:00:14.966] [32mINFO[39m (14648): [36mrequest completed[39m
    [35mreqId[39m: "req-t"
    [35mres[39m: {
      "statusCode": 200
    }
    [35mresponseTime[39m: 17.694700002670288
[22:00:15.081] [32mINFO[39m (14648): [36mincoming request[39m
    [35mreqId[39m: "req-u"
    [35mreq[39m: {
      "method": "GET",
      "url": "/api/v1/chapan/production/workshop",
      "host": "127.0.0.1:8002",
      "remoteAddress": "127.0.0.1",
      "remotePort": 53999
    }
[22:00:15.086] [32mINFO[39m (14648): [36mincoming request[39m
    [35mreqId[39m: "req-v"
    [35mreq[39m: {
      "method": "GET",
      "url": "/api/v1/chapan/settings/catalogs",
      "host": "127.0.0.1:8002",
      "remoteAddress": "127.0.0.1",
      "remotePort": 54000
    }
[22:00:15.092] [32mINFO[39m (14648): [36mincoming request[39m
    [35mreqId[39m: "req-w"
    [35mreq[39m: {
      "method": "GET",
      "url": "/api/v1/chapan/orders/change-requests",
      "host": "127.0.0.1:8002",
      "remoteAddress": "127.0.0.1",
      "remotePort": 54001
    }
[22:00:15.096] [32mINFO[39m (14648): [36mincoming request[39m
    [35mreqId[39m: "req-x"
    [35mreq[39m: {
      "method": "GET",
      "url": "/api/v1/chapan/invoices?limit=100",
      "host": "127.0.0.1:8002",
      "remoteAddress": "127.0.0.1",
      "remotePort": 54002
    }
[22:00:15.108] [32mINFO[39m (14648): [36mrequest completed[39m
    [35mreqId[39m: "req-u"
    [35mres[39m: {
      "statusCode": 200
    }
    [35mresponseTime[39m: 27.04670000076294
[22:00:15.111] [32mINFO[39m (14648): [36mrequest completed[39m
    [35mreqId[39m: "req-v"
    [35mres[39m: {
      "statusCode": 200
    }
    [35mresponseTime[39m: 24.575100000947714
[22:00:15.116] [32mINFO[39m (14648): [36mrequest completed[39m
    [35mreqId[39m: "req-x"
    [35mres[39m: {
      "statusCode": 200
    }
    [35mresponseTime[39m: 20.066800002008677
[22:00:15.117] [32mINFO[39m (14648): [36mrequest completed[39m
    [35mreqId[39m: "req-w"
    [35mres[39m: {
      "statusCode": 200
    }
    [35mresponseTime[39m: 25.15320000052452
[22:00:17.554] [32mINFO[39m (14648): [36mincoming request[39m
    [35mreqId[39m: "req-y"
    [35mreq[39m: {
      "method": "GET",
      "url": "/api/v1/auth/bootstrap/",
      "host": "127.0.0.1:8002",
      "remoteAddress": "127.0.0.1",
      "remotePort": 54001
    }
[22:00:17.583] [32mINFO[39m (14648): [36mrequest completed[39m
    [35mreqId[39m: "req-y"
    [35mres[39m: {
      "statusCode": 200
    }
    [35mresponseTime[39m: 25.41320000216365
[22:00:17.715] [32mINFO[39m (14648): [36mincoming request[39m
    [35mreqId[39m: "req-z"
    [35mreq[39m: {
      "method": "GET",
      "url": "/api/v1/chapan/production/workshop",
      "host": "127.0.0.1:8002",
      "remoteAddress": "127.0.0.1",
      "remotePort": 54001
    }
[22:00:17.719] [32mINFO[39m (14648): [36mincoming request[39m
    [35mreqId[39m: "req-10"
    [35mreq[39m: {
      "method": "GET",
      "url": "/api/v1/chapan/settings/catalogs",
      "host": "127.0.0.1:8002",
      "remoteAddress": "127.0.0.1",
      "remotePort": 54002
    }
[22:00:17.723] [32mINFO[39m (14648): [36mincoming request[39m
    [35mreqId[39m: "req-11"
    [35mreq[39m: {
      "method": "GET",
      "url": "/api/v1/chapan/orders/change-requests",
      "host": "127.0.0.1:8002",
      "remoteAddress": "127.0.0.1",
      "remotePort": 54000
    }
[22:00:17.727] [32mINFO[39m (14648): [36mincoming request[39m
    [35mreqId[39m: "req-12"
    [35mreq[39m: {
      "method": "GET",
      "url": "/api/v1/chapan/invoices?limit=100",
      "host": "127.0.0.1:8002",
      "remoteAddress": "127.0.0.1",
      "remotePort": 53999
    }
[22:00:17.739] [32mINFO[39m (14648): [36mrequest completed[39m
    [35mreqId[39m: "req-10"
    [35mres[39m: {
      "statusCode": 200
    }
    [35mresponseTime[39m: 19.517200000584126
[22:00:17.742] [32mINFO[39m (14648): [36mrequest completed[39m
    [35mreqId[39m: "req-11"
    [35mres[39m: {
      "statusCode": 200
    }
    [35mresponseTime[39m: 18.987199999392033
[22:00:17.743] [32mINFO[39m (14648): [36mrequest completed[39m
    [35mreqId[39m: "req-z"
    [35mres[39m: {
      "statusCode": 200
    }
    [35mresponseTime[39m: 27.03539999946952
[22:00:17.744] [32mINFO[39m (14648): [36mrequest completed[39m
    [35mreqId[39m: "req-12"
    [35mres[39m: {
      "statusCode": 200
    }
    [35mresponseTime[39m: 16.86890000104904
[22:00:19.687] [32mINFO[39m (14648): [36mincoming request[39m
    [35mreqId[39m: "req-13"
    [35mreq[39m: {
      "method": "GET",
      "url": "/api/v1/auth/bootstrap/",
      "host": "127.0.0.1:8002",
      "remoteAddress": "127.0.0.1",
      "remotePort": 53999
    }
[22:00:19.702] [32mINFO[39m (14648): [36mrequest completed[39m
    [35mreqId[39m: "req-13"
    [35mres[39m: {
      "statusCode": 200
    }
    [35mresponseTime[39m: 14.46680000051856
[22:00:19.837] [32mINFO[39m (14648): [36mincoming request[39m
    [35mreqId[39m: "req-14"
    [35mreq[39m: {
      "method": "GET",
      "url": "/api/v1/chapan/production/workshop",
      "host": "127.0.0.1:8002",
      "remoteAddress": "127.0.0.1",
      "remotePort": 53999
    }
[22:00:19.841] [32mINFO[39m (14648): [36mincoming request[39m
    [35mreqId[39m: "req-15"
    [35mreq[39m: {
      "method": "GET",
      "url": "/api/v1/chapan/settings/catalogs",
      "host": "127.0.0.1:8002",
      "remoteAddress": "127.0.0.1",
      "remotePort": 54001
    }
[22:00:19.845] [32mINFO[39m (14648): [36mincoming request[39m
    [35mreqId[39m: "req-16"
    [35mreq[39m: {
      "method": "GET",
      "url": "/api/v1/chapan/orders/change-requests",
      "host": "127.0.0.1:8002",
      "remoteAddress": "127.0.0.1",
      "remotePort": 54000
    }
[22:00:19.849] [32mINFO[39m (14648): [36mincoming request[39m
    [35mreqId[39m: "req-17"
    [35mreq[39m: {
      "method": "GET",
      "url": "/api/v1/chapan/invoices?limit=100",
      "host": "127.0.0.1:8002",
      "remoteAddress": "127.0.0.1",
      "remotePort": 54002
    }
[22:00:19.867] [32mINFO[39m (14648): [36mrequest completed[39m
    [35mreqId[39m: "req-15"
    [35mres[39m: {
      "statusCode": 200
    }
    [35mresponseTime[39m: 26.10410000011325
[22:00:19.868] [32mINFO[39m (14648): [36mrequest completed[39m
    [35mreqId[39m: "req-14"
    [35mres[39m: {
      "statusCode": 200
    }
    [35mresponseTime[39m: 30.79100000113249
[22:00:19.870] [32mINFO[39m (14648): [36mrequest completed[39m
    [35mreqId[39m: "req-16"
    [35mres[39m: {
      "statusCode": 200
    }
    [35mresponseTime[39m: 25.091499999165535
[22:00:19.872] [32mINFO[39m (14648): [36mrequest completed[39m
    [35mreqId[39m: "req-17"
    [35mres[39m: {
      "statusCode": 200
    }
    [35mresponseTime[39m: 22.139800000935793
[22:00:21.826] [32mINFO[39m (14648): [36mincoming request[39m
    [35mreqId[39m: "req-18"
    [35mreq[39m: {
      "method": "GET",
      "url": "/api/v1/auth/bootstrap/",
      "host": "127.0.0.1:8002",
      "remoteAddress": "127.0.0.1",
      "remotePort": 54002
    }
[22:00:21.842] [32mINFO[39m (14648): [36mrequest completed[39m
    [35mreqId[39m: "req-18"
    [35mres[39m: {
      "statusCode": 200
    }
    [35mresponseTime[39m: 15.258900001645088
[22:00:21.956] [32mINFO[39m (14648): [36mincoming request[39m
    [35mreqId[39m: "req-19"
    [35mreq[39m: {
      "method": "GET",
      "url": "/api/v1/chapan/production/workshop",
      "host": "127.0.0.1:8002",
      "remoteAddress": "127.0.0.1",
      "remotePort": 54002
    }
[22:00:21.959] [32mINFO[39m (14648): [36mincoming request[39m
    [35mreqId[39m: "req-1a"
    [35mreq[39m: {
      "method": "GET",
      "url": "/api/v1/chapan/settings/catalogs",
      "host": "127.0.0.1:8002",
      "remoteAddress": "127.0.0.1",
      "remotePort": 54000
    }
[22:00:21.963] [32mINFO[39m (14648): [36mincoming request[39m
    [35mreqId[39m: "req-1b"
    [35mreq[39m: {
      "method": "GET",
      "url": "/api/v1/chapan/orders/change-requests",
      "host": "127.0.0.1:8002",
      "remoteAddress": "127.0.0.1",
      "remotePort": 53999
    }
[22:00:21.966] [32mINFO[39m (14648): [36mincoming request[39m
    [35mreqId[39m: "req-1c"
    [35mreq[39m: {
      "method": "GET",
      "url": "/api/v1/chapan/invoices?limit=100",
      "host": "127.0.0.1:8002",
      "remoteAddress": "127.0.0.1",
      "remotePort": 54001
    }
[22:00:21.977] [32mINFO[39m (14648): [36mrequest completed[39m
    [35mreqId[39m: "req-19"
    [35mres[39m: {
      "statusCode": 200
    }
    [35mresponseTime[39m: 20.41220000013709
[22:00:21.981] [32mINFO[39m (14648): [36mrequest completed[39m
    [35mreqId[39m: "req-1a"
    [35mres[39m: {
      "statusCode": 200
    }
    [35mresponseTime[39m: 21.020700000226498
[22:00:21.985] [32mINFO[39m (14648): [36mrequest completed[39m
    [35mreqId[39m: "req-1b"
    [35mres[39m: {
      "statusCode": 200
    }
    [35mresponseTime[39m: 21.32029999792576
[22:00:21.985] [32mINFO[39m (14648): [36mrequest completed[39m
    [35mreqId[39m: "req-1c"
    [35mres[39m: {
      "statusCode": 200
    }
    [35mresponseTime[39m: 18.771099999547005
[22:00:28.174] [32mINFO[39m (14648): [36mincoming request[39m
    [35mreqId[39m: "req-1d"
    [35mreq[39m: {
      "method": "GET",
      "url": "/api/v1/auth/bootstrap/",
      "host": "127.0.0.1:8002",
      "remoteAddress": "127.0.0.1",
      "remotePort": 57438
    }
[22:00:28.190] [32mINFO[39m (14648): [36mrequest completed[39m
    [35mreqId[39m: "req-1d"
    [35mres[39m: {
      "statusCode": 200
    }
    [35mresponseTime[39m: 15.625099997967482
[22:00:28.312] [32mINFO[39m (14648): [36mincoming request[39m
    [35mreqId[39m: "req-1e"
    [35mreq[39m: {
      "method": "GET",
      "url": "/api/v1/chapan/production/workshop",
      "host": "127.0.0.1:8002",
      "remoteAddress": "127.0.0.1",
      "remotePort": 57438
    }
[22:00:28.319] [32mINFO[39m (14648): [36mincoming request[39m
    [35mreqId[39m: "req-1f"
    [35mreq[39m: {
      "method": "GET",
      "url": "/api/v1/chapan/settings/catalogs",
      "host": "127.0.0.1:8002",
      "remoteAddress": "127.0.0.1",
      "remotePort": 57439
    }
[22:00:28.322] [32mINFO[39m (14648): [36mincoming request[39m
    [35mreqId[39m: "req-1g"
    [35mreq[39m: {
      "method": "GET",
      "url": "/api/v1/chapan/orders/change-requests",
      "host": "127.0.0.1:8002",
      "remoteAddress": "127.0.0.1",
      "remotePort": 57440
    }
[22:00:28.326] [32mINFO[39m (14648): [36mincoming request[39m
    [35mreqId[39m: "req-1h"
    [35mreq[39m: {
      "method": "GET",
      "url": "/api/v1/chapan/invoices?limit=100",
      "host": "127.0.0.1:8002",
      "remoteAddress": "127.0.0.1",
      "remotePort": 57441
    }
[22:00:28.337] [32mINFO[39m (14648): [36mrequest completed[39m
    [35mreqId[39m: "req-1g"
    [35mres[39m: {
      "statusCode": 200
    }
    [35mresponseTime[39m: 13.960900001227856
[22:00:28.340] [32mINFO[39m (14648): [36mrequest completed[39m
    [35mreqId[39m: "req-1f"
    [35mres[39m: {
      "statusCode": 200
    }
    [35mresponseTime[39m: 20.776200000196695
[22:00:28.345] [32mINFO[39m (14648): [36mrequest completed[39m
    [35mreqId[39m: "req-1h"
    [35mres[39m: {
      "statusCode": 200
    }
    [35mresponseTime[39m: 19.078999999910593
[22:00:28.350] [32mINFO[39m (14648): [36mrequest completed[39m
    [35mreqId[39m: "req-1e"
    [35mres[39m: {
      "statusCode": 200
    }
    [35mresponseTime[39m: 38.32469999790192
[22:00:39.939] [32mINFO[39m (14648): [36mincoming request[39m
    [35mreqId[39m: "req-1i"
    [35mreq[39m: {
      "method": "GET",
      "url": "/api/v1/auth/bootstrap/",
      "host": "127.0.0.1:8002",
      "remoteAddress": "127.0.0.1",
      "remotePort": 57511
    }
[22:00:39.961] [32mINFO[39m (14648): [36mrequest completed[39m
    [35mreqId[39m: "req-1i"
    [35mres[39m: {
      "statusCode": 200
    }
    [35mresponseTime[39m: 21.541500002145767
[22:00:40.296] [32mINFO[39m (14648): [36mincoming request[39m
    [35mreqId[39m: "req-1j"
    [35mreq[39m: {
      "method": "GET",
      "url": "/api/v1/chapan/production/workshop",
      "host": "127.0.0.1:8002",
      "remoteAddress": "127.0.0.1",
      "remotePort": 57511
    }
[22:00:40.301] [32mINFO[39m (14648): [36mincoming request[39m
    [35mreqId[39m: "req-1k"
    [35mreq[39m: {
      "method": "GET",
      "url": "/api/v1/chapan/settings/catalogs",
      "host": "127.0.0.1:8002",
      "remoteAddress": "127.0.0.1",
      "remotePort": 57512
    }
[22:00:40.314] [32mINFO[39m (14648): [36mincoming request[39m
    [35mreqId[39m: "req-1l"
    [35mreq[39m: {
      "method": "GET",
      "url": "/api/v1/chapan/orders/change-requests",
      "host": "127.0.0.1:8002",
      "remoteAddress": "127.0.0.1",
      "remotePort": 57513
    }
[22:00:40.323] [32mINFO[39m (14648): [36mincoming request[39m
    [35mreqId[39m: "req-1m"
    [35mreq[39m: {
      "method": "GET",
      "url": "/api/v1/chapan/invoices?limit=100",
      "host": "127.0.0.1:8002",
      "remoteAddress": "127.0.0.1",
      "remotePort": 57514
    }
[22:00:40.330] [32mINFO[39m (14648): [36mrequest completed[39m
    [35mreqId[39m: "req-1j"
    [35mres[39m: {
      "statusCode": 200
    }
    [35mresponseTime[39m: 33.43530000001192
[22:00:40.333] [32mINFO[39m (14648): [36mrequest completed[39m
    [35mreqId[39m: "req-1k"
    [35mres[39m: {
      "statusCode": 200
    }
    [35mresponseTime[39m: 31.78539999946952
[22:00:40.340] [32mINFO[39m (14648): [36mrequest completed[39m
    [35mreqId[39m: "req-1l"
    [35mres[39m: {
      "statusCode": 200
    }
    [35mresponseTime[39m: 25.35689999908209
[22:00:40.345] [32mINFO[39m (14648): [36mrequest completed[39m
    [35mreqId[39m: "req-1m"
    [35mres[39m: {
      "statusCode": 200
    }
    [35mresponseTime[39m: 21.418600000441074
[22:00:43.617] [32mINFO[39m (14648): [36mincoming request[39m
    [35mreqId[39m: "req-1n"
    [35mreq[39m: {
      "method": "GET",
      "url": "/api/v1/auth/bootstrap/",
      "host": "127.0.0.1:8002",
      "remoteAddress": "127.0.0.1",
      "remotePort": 57514
    }
[22:00:43.652] [32mINFO[39m (14648): [36mrequest completed[39m
    [35mreqId[39m: "req-1n"
    [35mres[39m: {
      "statusCode": 200
    }
    [35mresponseTime[39m: 32.98149999976158
[22:00:44.144] [32mINFO[39m (14648): [36mincoming request[39m
    [35mreqId[39m: "req-1o"
    [35mreq[39m: {
      "method": "GET",
      "url": "/api/v1/chapan/production/workshop",
      "host": "127.0.0.1:8002",
      "remoteAddress": "127.0.0.1",
      "remotePort": 57514
    }
[22:00:44.150] [32mINFO[39m (14648): [36mincoming request[39m
    [35mreqId[39m: "req-1p"
    [35mreq[39m: {
      "method": "GET",
      "url": "/api/v1/chapan/settings/catalogs",
      "host": "127.0.0.1:8002",
      "remoteAddress": "127.0.0.1",
      "remotePort": 57513
    }
[22:00:44.166] [32mINFO[39m (14648): [36mincoming request[39m
    [35mreqId[39m: "req-1q"
    [35mreq[39m: {
      "method": "GET",
      "url": "/api/v1/chapan/orders/change-requests",
      "host": "127.0.0.1:8002",
      "remoteAddress": "127.0.0.1",
      "remotePort": 57512
    }
[22:00:44.174] [32mINFO[39m (14648): [36mincoming request[39m
    [35mreqId[39m: "req-1r"
    [35mreq[39m: {
      "method": "GET",
      "url": "/api/v1/chapan/invoices?limit=100",
      "host": "127.0.0.1:8002",
      "remoteAddress": "127.0.0.1",
      "remotePort": 57511
    }
[22:00:44.189] [32mINFO[39m (14648): [36mrequest completed[39m
    [35mreqId[39m: "req-1o"
    [35mres[39m: {
      "statusCode": 200
    }
    [35mresponseTime[39m: 45.1642999984324
[22:00:44.210] [32mINFO[39m (14648): [36mrequest completed[39m
    [35mreqId[39m: "req-1q"
    [35mres[39m: {
      "statusCode": 200
    }
    [35mresponseTime[39m: 43.50060000270605
[22:00:44.211] [32mINFO[39m (14648): [36mrequest completed[39m
    [35mreqId[39m: "req-1r"
    [35mres[39m: {
      "statusCode": 200
    }
    [35mresponseTime[39m: 36.99210000038147
[22:00:44.216] [32mINFO[39m (14648): [36mrequest completed[39m
    [35mreqId[39m: "req-1p"
    [35mres[39m: {
      "statusCode": 200
    }
    [35mresponseTime[39m: 64.19900000095367
[22:00:48.374] [32mINFO[39m (14648): [36mincoming request[39m
    [35mreqId[39m: "req-1s"
    [35mreq[39m: {
      "method": "GET",
      "url": "/api/v1/auth/bootstrap/",
      "host": "127.0.0.1:8002",
      "remoteAddress": "127.0.0.1",
      "remotePort": 57513
    }
[22:00:48.392] [32mINFO[39m (14648): [36mrequest completed[39m
    [35mreqId[39m: "req-1s"
    [35mres[39m: {
      "statusCode": 200
    }
    [35mresponseTime[39m: 18.13690000027418
[22:00:48.710] [32mINFO[39m (14648): [36mincoming request[39m
    [35mreqId[39m: "req-1t"
    [35mreq[39m: {
      "method": "GET",
      "url": "/api/v1/chapan/production/workshop",
      "host": "127.0.0.1:8002",
      "remoteAddress": "127.0.0.1",
      "remotePort": 57513
    }
[22:00:48.715] [32mINFO[39m (14648): [36mincoming request[39m
    [35mreqId[39m: "req-1u"
    [35mreq[39m: {
      "method": "GET",
      "url": "/api/v1/chapan/settings/catalogs",
      "host": "127.0.0.1:8002",
      "remoteAddress": "127.0.0.1",
      "remotePort": 57511
    }
[22:00:48.730] [32mINFO[39m (14648): [36mincoming request[39m
    [35mreqId[39m: "req-1v"
    [35mreq[39m: {
      "method": "GET",
      "url": "/api/v1/chapan/orders/change-requests",
      "host": "127.0.0.1:8002",
      "remoteAddress": "127.0.0.1",
      "remotePort": 57512
    }
[22:00:48.737] [32mINFO[39m (14648): [36mincoming request[39m
    [35mreqId[39m: "req-1w"
    [35mreq[39m: {
      "method": "GET",
      "url": "/api/v1/chapan/invoices?limit=100",
      "host": "127.0.0.1:8002",
      "remoteAddress": "127.0.0.1",
      "remotePort": 57514
    }
[22:00:48.745] [32mINFO[39m (14648): [36mrequest completed[39m
    [35mreqId[39m: "req-1u"
    [35mres[39m: {
      "statusCode": 200
    }
    [35mresponseTime[39m: 29.321699999272823
[22:00:48.746] [32mINFO[39m (14648): [36mrequest completed[39m
    [35mreqId[39m: "req-1t"
    [35mres[39m: {
      "statusCode": 200
    }
    [35mresponseTime[39m: 35.275000002235174
[22:00:48.752] [32mINFO[39m (14648): [36mrequest completed[39m
    [35mreqId[39m: "req-1v"
    [35mres[39m: {
      "statusCode": 200
    }
    [35mresponseTime[39m: 21.83999999985099
[22:00:48.759] [32mINFO[39m (14648): [36mrequest completed[39m
    [35mreqId[39m: "req-1w"
    [35mres[39m: {
      "statusCode": 200
    }
    [35mresponseTime[39m: 21.263299997895956
[22:00:51.272] [32mINFO[39m (14648): [36mincoming request[39m
    [35mreqId[39m: "req-1x"
    [35mreq[39m: {
      "method": "GET",
      "url": "/api/v1/auth/bootstrap/",
      "host": "127.0.0.1:8002",
      "remoteAddress": "127.0.0.1",
      "remotePort": 57514
    }
[22:00:51.302] [32mINFO[39m (14648): [36mrequest completed[39m
    [35mreqId[39m: "req-1x"
    [35mres[39m: {
      "statusCode": 200
    }
    [35mresponseTime[39m: 30.34849999845028
[22:00:51.508] [32mINFO[39m (14648): [36mincoming request[39m
    [35mreqId[39m: "req-1y"
    [35mreq[39m: {
      "method": "GET",
      "url": "/api/v1/chapan/production/workshop",
      "host": "127.0.0.1:8002",
      "remoteAddress": "127.0.0.1",
      "remotePort": 57514
    }
[22:00:51.514] [32mINFO[39m (14648): [36mincoming request[39m
    [35mreqId[39m: "req-1z"
    [35mreq[39m: {
      "method": "GET",
      "url": "/api/v1/chapan/settings/catalogs",
      "host": "127.0.0.1:8002",
      "remoteAddress": "127.0.0.1",
      "remotePort": 57512
    }
[22:00:51.520] [32mINFO[39m (14648): [36mincoming request[39m
    [35mreqId[39m: "req-20"
    [35mreq[39m: {
      "method": "GET",
      "url": "/api/v1/chapan/orders/change-requests",
      "host": "127.0.0.1:8002",
      "remoteAddress": "127.0.0.1",
      "remotePort": 57513
    }
[22:00:51.524] [32mINFO[39m (14648): [36mincoming request[39m
    [35mreqId[39m: "req-21"
    [35mreq[39m: {
      "method": "GET",
      "url": "/api/v1/chapan/invoices?limit=100",
      "host": "127.0.0.1:8002",
      "remoteAddress": "127.0.0.1",
      "remotePort": 57511
    }
[22:00:51.546] [32mINFO[39m (14648): [36mrequest completed[39m
    [35mreqId[39m: "req-20"
    [35mres[39m: {
      "statusCode": 200
    }
    [35mresponseTime[39m: 25.74720000103116
[22:00:51.551] [32mINFO[39m (14648): [36mrequest completed[39m
    [35mreqId[39m: "req-21"
    [35mres[39m: {
      "statusCode": 200
    }
    [35mresponseTime[39m: 26.205200001597404
[22:00:51.551] [32mINFO[39m (14648): [36mrequest completed[39m
    [35mreqId[39m: "req-1z"
    [35mres[39m: {
      "statusCode": 200
    }
    [35mresponseTime[39m: 37.01680000126362
[22:00:51.566] [32mINFO[39m (14648): [36mrequest completed[39m
    [35mreqId[39m: "req-1y"
    [35mres[39m: {
      "statusCode": 200
    }
    [35mresponseTime[39m: 55.19150000065565
[22:00:55.112] [32mINFO[39m (14648): [36mincoming request[39m
    [35mreqId[39m: "req-22"
    [35mreq[39m: {
      "method": "GET",
      "url": "/api/v1/auth/bootstrap/",
      "host": "127.0.0.1:8002",
      "remoteAddress": "127.0.0.1",
      "remotePort": 57514
    }
[22:00:55.134] [32mINFO[39m (14648): [36mrequest completed[39m
    [35mreqId[39m: "req-22"
    [35mres[39m: {
      "statusCode": 200
    }
    [35mresponseTime[39m: 20.89640000090003
[22:00:55.367] [32mINFO[39m (14648): [36mincoming request[39m
    [35mreqId[39m: "req-23"
    [35mreq[39m: {
      "method": "GET",
      "url": "/api/v1/chapan/production/workshop",
      "host": "127.0.0.1:8002",
      "remoteAddress": "127.0.0.1",
      "remotePort": 57514
    }
[22:00:55.383] [32mINFO[39m (14648): [36mrequest completed[39m
    [35mreqId[39m: "req-23"
    [35mres[39m: {
      "statusCode": 200
    }
    [35mresponseTime[39m: 15.566099997609854
[22:00:55.388] [32mINFO[39m (14648): [36mincoming request[39m
    [35mreqId[39m: "req-24"
    [35mreq[39m: {
      "method": "GET",
      "url": "/api/v1/chapan/settings/catalogs",
      "host": "127.0.0.1:8002",
      "remoteAddress": "127.0.0.1",
      "remotePort": 57514
    }
[22:00:55.391] [32mINFO[39m (14648): [36mincoming request[39m
    [35mreqId[39m: "req-25"
    [35mreq[39m: {
      "method": "GET",
      "url": "/api/v1/chapan/orders/change-requests",
      "host": "127.0.0.1:8002",
      "remoteAddress": "127.0.0.1",
      "remotePort": 57512
    }
[22:00:55.398] [32mINFO[39m (14648): [36mincoming request[39m
    [35mreqId[39m: "req-26"
    [35mreq[39m: {
      "method": "GET",
      "url": "/api/v1/chapan/invoices?limit=100",
      "host": "127.0.0.1:8002",
      "remoteAddress": "127.0.0.1",
      "remotePort": 57511
    }
[22:00:55.411] [32mINFO[39m (14648): [36mrequest completed[39m
    [35mreqId[39m: "req-25"
    [35mres[39m: {
      "statusCode": 200
    }
    [35mresponseTime[39m: 19.516600001603365
[22:00:55.418] [32mINFO[39m (14648): [36mrequest completed[39m
    [35mreqId[39m: "req-26"
    [35mres[39m: {
      "statusCode": 200
    }
    [35mresponseTime[39m: 19.030600000172853
[22:00:55.422] [32mINFO[39m (14648): [36mrequest completed[39m
    [35mreqId[39m: "req-24"
    [35mres[39m: {
      "statusCode": 200
    }
    [35mresponseTime[39m: 33.68059999868274
[22:01:20.815] [32mINFO[39m (14648): [36mincoming request[39m
    [35mreqId[39m: "req-27"
    [35mreq[39m: {
      "method": "GET",
      "url": "/api/v1/auth/bootstrap/",
      "host": "127.0.0.1:8002",
      "remoteAddress": "127.0.0.1",
      "remotePort": 57719
    }
[22:01:20.831] [32mINFO[39m (14648): [36mrequest completed[39m
    [35mreqId[39m: "req-27"
    [35mres[39m: {
      "statusCode": 200
    }
    [35mresponseTime[39m: 15.965199999511242
[22:01:21.200] [32mINFO[39m (14648): [36mincoming request[39m
    [35mreqId[39m: "req-28"
    [35mreq[39m: {
      "method": "GET",
      "url": "/api/v1/chapan/production/workshop",
      "host": "127.0.0.1:8002",
      "remoteAddress": "127.0.0.1",
      "remotePort": 57719
    }
[22:01:21.207] [32mINFO[39m (14648): [36mincoming request[39m
    [35mreqId[39m: "req-29"
    [35mreq[39m: {
      "method": "GET",
      "url": "/api/v1/chapan/settings/catalogs",
      "host": "127.0.0.1:8002",
      "remoteAddress": "127.0.0.1",
      "remotePort": 57721
    }
[22:01:21.216] [32mINFO[39m (14648): [36mincoming request[39m
    [35mreqId[39m: "req-2a"
    [35mreq[39m: {
      "method": "GET",
      "url": "/api/v1/chapan/orders/change-requests",
      "host": "127.0.0.1:8002",
      "remoteAddress": "127.0.0.1",
      "remotePort": 57722
    }
[22:01:21.226] [32mINFO[39m (14648): [36mincoming request[39m
    [35mreqId[39m: "req-2b"
    [35mreq[39m: {
      "method": "GET",
      "url": "/api/v1/chapan/invoices?limit=100",
      "host": "127.0.0.1:8002",
      "remoteAddress": "127.0.0.1",
      "remotePort": 57723
    }
[22:01:21.253] [32mINFO[39m (14648): [36mrequest completed[39m
    [35mreqId[39m: "req-28"
    [35mres[39m: {
      "statusCode": 200
    }
    [35mresponseTime[39m: 37.54129999876022
[22:01:21.258] [32mINFO[39m (14648): [36mrequest completed[39m
    [35mreqId[39m: "req-29"
    [35mres[39m: {
      "statusCode": 200
    }
    [35mresponseTime[39m: 47.773299999535084
[22:01:21.262] [32mINFO[39m (14648): [36mrequest completed[39m
    [35mreqId[39m: "req-2a"
    [35mres[39m: {
      "statusCode": 200
    }
    [35mresponseTime[39m: 45.033500000834465
[22:01:21.270] [32mINFO[39m (14648): [36mrequest completed[39m
    [35mreqId[39m: "req-2b"
    [35mres[39m: {
      "statusCode": 200
    }
    [35mresponseTime[39m: 42.60509999841452
[22:01:24.192] [32mINFO[39m (14648): [36mincoming request[39m
    [35mreqId[39m: "req-2c"
    [35mreq[39m: {
      "method": "GET",
      "url": "/api/v1/auth/bootstrap/",
      "host": "127.0.0.1:8002",
      "remoteAddress": "127.0.0.1",
      "remotePort": 57723
    }
[22:01:24.209] [32mINFO[39m (14648): [36mrequest completed[39m
    [35mreqId[39m: "req-2c"
    [35mres[39m: {
      "statusCode": 200
    }
    [35mresponseTime[39m: 16.288400001823902
[22:01:24.444] [32mINFO[39m (14648): [36mincoming request[39m
    [35mreqId[39m: "req-2d"
    [35mreq[39m: {
      "method": "GET",
      "url": "/api/v1/chapan/production/workshop",
      "host": "127.0.0.1:8002",
      "remoteAddress": "127.0.0.1",
      "remotePort": 57723
    }
[22:01:24.451] [32mINFO[39m (14648): [36mincoming request[39m
    [35mreqId[39m: "req-2e"
    [35mreq[39m: {
      "method": "GET",
      "url": "/api/v1/chapan/settings/catalogs",
      "host": "127.0.0.1:8002",
      "remoteAddress": "127.0.0.1",
      "remotePort": 57722
    }
[22:01:24.462] [32mINFO[39m (14648): [36mincoming request[39m
    [35mreqId[39m: "req-2f"
    [35mreq[39m: {
      "method": "GET",
      "url": "/api/v1/chapan/orders/change-requests",
      "host": "127.0.0.1:8002",
      "remoteAddress": "127.0.0.1",
      "remotePort": 57721
    }
[22:01:24.467] [32mINFO[39m (14648): [36mincoming request[39m
    [35mreqId[39m: "req-2g"
    [35mreq[39m: {
      "method": "GET",
      "url": "/api/v1/chapan/invoices?limit=100",
      "host": "127.0.0.1:8002",
      "remoteAddress": "127.0.0.1",
      "remotePort": 57719
    }
[22:01:24.479] [32mINFO[39m (14648): [36mrequest completed[39m
    [35mreqId[39m: "req-2d"
    [35mres[39m: {
      "statusCode": 200
    }
    [35mresponseTime[39m: 34.60740000009537
[22:01:24.484] [32mINFO[39m (14648): [36mrequest completed[39m
    [35mreqId[39m: "req-2e"
    [35mres[39m: {
      "statusCode": 200
    }
    [35mresponseTime[39m: 27.561599999666214
[22:01:24.489] [32mINFO[39m (14648): [36mrequest completed[39m
    [35mreqId[39m: "req-2f"
    [35mres[39m: {
      "statusCode": 200
    }
    [35mresponseTime[39m: 26.93519999831915
[22:01:24.490] [32mINFO[39m (14648): [36mrequest completed[39m
    [35mreqId[39m: "req-2g"
    [35mres[39m: {
      "statusCode": 200
    }
    [35mresponseTime[39m: 22.92799999937415
[22:01:27.681] [32mINFO[39m (14648): [36mincoming request[39m
    [35mreqId[39m: "req-2h"
    [35mreq[39m: {
      "method": "GET",
      "url": "/api/v1/auth/bootstrap/",
      "host": "127.0.0.1:8002",
      "remoteAddress": "127.0.0.1",
      "remotePort": 57719
    }
[22:01:27.703] [32mINFO[39m (14648): [36mrequest completed[39m
    [35mreqId[39m: "req-2h"
    [35mres[39m: {
      "statusCode": 200
    }
    [35mresponseTime[39m: 21.67110000178218
[22:01:27.981] [32mINFO[39m (14648): [36mincoming request[39m
    [35mreqId[39m: "req-2i"
    [35mreq[39m: {
      "method": "GET",
      "url": "/api/v1/chapan/production/workshop",
      "host": "127.0.0.1:8002",
      "remoteAddress": "127.0.0.1",
      "remotePort": 57719
    }
[22:01:27.993] [32mINFO[39m (14648): [36mincoming request[39m
    [35mreqId[39m: "req-2j"
    [35mreq[39m: {
      "method": "GET",
      "url": "/api/v1/chapan/settings/catalogs",
      "host": "127.0.0.1:8002",
      "remoteAddress": "127.0.0.1",
      "remotePort": 57721
    }
[22:01:27.999] [32mINFO[39m (14648): [36mincoming request[39m
    [35mreqId[39m: "req-2k"
    [35mreq[39m: {
      "method": "GET",
      "url": "/api/v1/chapan/orders/change-requests",
      "host": "127.0.0.1:8002",
      "remoteAddress": "127.0.0.1",
      "remotePort": 57722
    }
[22:01:28.016] [32mINFO[39m (14648): [36mrequest completed[39m
    [35mreqId[39m: "req-2i"
    [35mres[39m: {
      "statusCode": 200
    }
    [35mresponseTime[39m: 33.894400000572205
[22:01:28.016] [32mINFO[39m (14648): [36mincoming request[39m
    [35mreqId[39m: "req-2l"
    [35mreq[39m: {
      "method": "GET",
      "url": "/api/v1/chapan/invoices?limit=100",
      "host": "127.0.0.1:8002",
      "remoteAddress": "127.0.0.1",
      "remotePort": 57723
    }
[22:01:28.072] [32mINFO[39m (14648): [36mrequest completed[39m
    [35mreqId[39m: "req-2j"
    [35mres[39m: {
      "statusCode": 200
    }
    [35mresponseTime[39m: 79.4438000023365
[22:01:28.081] [32mINFO[39m (14648): [36mrequest completed[39m
    [35mreqId[39m: "req-2k"
    [35mres[39m: {
      "statusCode": 200
    }
    [35mresponseTime[39m: 81.28159999847412
[22:01:28.086] [32mINFO[39m (14648): [36mrequest completed[39m
    [35mreqId[39m: "req-2l"
    [35mres[39m: {
      "statusCode": 200
    }
    [35mresponseTime[39m: 69.24920000135899
[22:01:30.851] [32mINFO[39m (14648): [36mincoming request[39m
    [35mreqId[39m: "req-2m"
    [35mreq[39m: {
      "method": "GET",
      "url": "/api/v1/auth/bootstrap/",
      "host": "127.0.0.1:8002",
      "remoteAddress": "127.0.0.1",
      "remotePort": 57723
    }
[22:01:30.869] [32mINFO[39m (14648): [36mrequest completed[39m
    [35mreqId[39m: "req-2m"
    [35mres[39m: {
      "statusCode": 200
    }
    [35mresponseTime[39m: 16.736800000071526
[22:01:31.079] [32mINFO[39m (14648): [36mincoming request[39m
    [35mreqId[39m: "req-2n"
    [35mreq[39m: {
      "method": "GET",
      "url": "/api/v1/chapan/production/workshop",
      "host": "127.0.0.1:8002",
      "remoteAddress": "127.0.0.1",
      "remotePort": 57723
    }
[22:01:31.084] [32mINFO[39m (14648): [36mincoming request[39m
    [35mreqId[39m: "req-2o"
    [35mreq[39m: {
      "method": "GET",
      "url": "/api/v1/chapan/settings/catalogs",
      "host": "127.0.0.1:8002",
      "remoteAddress": "127.0.0.1",
      "remotePort": 57722
    }
[22:01:31.090] [32mINFO[39m (14648): [36mincoming request[39m
    [35mreqId[39m: "req-2p"
    [35mreq[39m: {
      "method": "GET",
      "url": "/api/v1/chapan/orders/change-requests",
      "host": "127.0.0.1:8002",
      "remoteAddress": "127.0.0.1",
      "remotePort": 57721
    }
[22:01:31.095] [32mINFO[39m (14648): [36mincoming request[39m
    [35mreqId[39m: "req-2q"
    [35mreq[39m: {
      "method": "GET",
      "url": "/api/v1/chapan/invoices?limit=100",
      "host": "127.0.0.1:8002",
      "remoteAddress": "127.0.0.1",
      "remotePort": 57719
    }
[22:01:31.102] [32mINFO[39m (14648): [36mrequest completed[39m
    [35mreqId[39m: "req-2n"
    [35mres[39m: {
      "statusCode": 200
    }
    [35mresponseTime[39m: 23.011500000953674
[22:01:31.112] [32mINFO[39m (14648): [36mrequest completed[39m
    [35mreqId[39m: "req-2o"
    [35mres[39m: {
      "statusCode": 200
    }
    [35mresponseTime[39m: 27.78049999848008
[22:01:31.113] [32mINFO[39m (14648): [36mrequest completed[39m
    [35mreqId[39m: "req-2p"
    [35mres[39m: {
      "statusCode": 200
    }
    [35mresponseTime[39m: 22.883799999952316
[22:01:31.128] [32mINFO[39m (14648): [36mrequest completed[39m
    [35mreqId[39m: "req-2q"
    [35mres[39m: {
      "statusCode": 200
    }
    [35mresponseTime[39m: 33.174300000071526
[22:01:42.078] [32mINFO[39m (14648): [36mincoming request[39m
    [35mreqId[39m: "req-2r"
    [35mreq[39m: {
      "method": "GET",
      "url": "/api/v1/auth/bootstrap/",
      "host": "127.0.0.1:8002",
      "remoteAddress": "127.0.0.1",
      "remotePort": 57842
    }
[22:01:42.099] [32mINFO[39m (14648): [36mrequest completed[39m
    [35mreqId[39m: "req-2r"
    [35mres[39m: {
      "statusCode": 200
    }
    [35mresponseTime[39m: 20.05580000206828
[22:01:42.341] [32mINFO[39m (14648): [36mincoming request[39m
    [35mreqId[39m: "req-2s"
    [35mreq[39m: {
      "method": "GET",
      "url": "/api/v1/chapan/production/workshop",
      "host": "127.0.0.1:8002",
      "remoteAddress": "127.0.0.1",
      "remotePort": 57842
    }
[22:01:42.348] [32mINFO[39m (14648): [36mincoming request[39m
    [35mreqId[39m: "req-2t"
    [35mreq[39m: {
      "method": "GET",
      "url": "/api/v1/chapan/settings/catalogs",
      "host": "127.0.0.1:8002",
      "remoteAddress": "127.0.0.1",
      "remotePort": 57843
    }
[22:01:42.361] [32mINFO[39m (14648): [36mincoming request[39m
    [35mreqId[39m: "req-2u"
    [35mreq[39m: {
      "method": "GET",
      "url": "/api/v1/chapan/orders/change-requests",
      "host": "127.0.0.1:8002",
      "remoteAddress": "127.0.0.1",
      "remotePort": 57844
    }
[22:01:42.373] [32mINFO[39m (14648): [36mincoming request[39m
    [35mreqId[39m: "req-2v"
    [35mreq[39m: {
      "method": "GET",
      "url": "/api/v1/chapan/invoices?limit=100",
      "host": "127.0.0.1:8002",
      "remoteAddress": "127.0.0.1",
      "remotePort": 57846
    }
[22:01:42.385] [32mINFO[39m (14648): [36mrequest completed[39m
    [35mreqId[39m: "req-2t"
    [35mres[39m: {
      "statusCode": 200
    }
    [35mresponseTime[39m: 35.70570000261068
[22:01:42.394] [32mINFO[39m (14648): [36mrequest completed[39m
    [35mreqId[39m: "req-2s"
    [35mres[39m: {
      "statusCode": 200
    }
    [35mresponseTime[39m: 52.31699999794364
[22:01:42.395] [32mINFO[39m (14648): [36mrequest completed[39m
    [35mreqId[39m: "req-2u"
    [35mres[39m: {
      "statusCode": 200
    }
    [35mresponseTime[39m: 32.77129999920726
[22:01:42.396] [32mINFO[39m (14648): [36mrequest completed[39m
    [35mreqId[39m: "req-2v"
    [35mres[39m: {
      "statusCode": 200
    }
    [35mresponseTime[39m: 23.47530000284314
